<?xml version="1.0" encoding="UTF-8"?>
<!-- Generated by org.testng.reporters.JUnitReportReporter -->
<testsuite hostname="hchatha-pk" failures="0" tests="3" name="LoginTest" time="104.659" errors="0" timestamp="2020-04-21T23:52:16 PDT" skipped="2">
  <testcase classname="LoginTest" name="doLoginTest" time="104.659"/>
  <system-out/>
  <testcase classname="LoginTest" name="verifyLoginPageTitleTest">
    <skipped/>
  </testcase> <!-- verifyLoginPageTitleTest -->
  <system-out/>
  <testcase classname="LoginTest" name="verifyLoginPageHeader">
    <skipped/>
  </testcase> <!-- verifyLoginPageHeader -->
  <system-out/>
</testsuite> <!-- LoginTest -->
