<?xml version="1.0" encoding="UTF-8"?>
<!-- Generated by org.testng.reporters.JUnitReportReporter -->
<testsuite skipped="2" hostname="hchatha-pk" name="LoginTest" tests="3" failures="0" timestamp="2020-05-05T01:32:53 PDT" time="24.535" errors="0">
  <testcase name="doLoginTest" time="24.535" classname="LoginTest"/>
  <system-out/>
  <testcase name="verifyLoginPageTitleTest" classname="LoginTest">
    <skipped/>
  </testcase> <!-- verifyLoginPageTitleTest -->
  <system-out/>
  <testcase name="verifyLoginPageHeader" classname="LoginTest">
    <skipped/>
  </testcase> <!-- verifyLoginPageHeader -->
  <system-out/>
</testsuite> <!-- LoginTest -->
